2021-08-18 10:39:47,956 CRITICAL config_client_log.py Критическая ошибка
2021-08-18 10:39:47,957 ERROR config_client_log.py Ошибка
2021-08-18 10:39:47,958 DEBUG config_client_log.py Отладочная информация
2021-08-18 10:39:47,959 INFO config_client_log.py Информационное сообщение
2021-08-18 10:47:35,074 CRITICAL config_client_log.py Критическая ошибка
2021-08-18 10:47:35,075 ERROR config_client_log.py Ошибка
2021-08-18 10:47:35,075 DEBUG config_client_log.py Отладочная информация
2021-08-18 10:47:35,076 INFO config_client_log.py Информационное сообщение
2021-08-18 10:48:31,763 CRITICAL config_client_log.py Критическая ошибка
2021-08-18 10:48:31,764 ERROR config_client_log.py Ошибка
2021-08-18 10:48:31,764 DEBUG config_client_log.py Отладочная информация
2021-08-18 10:48:31,764 INFO config_client_log.py Информационное сообщение
2021-08-18 10:52:02,616 CRITICAL config_client_log.py Критическая ошибка
2021-08-18 10:52:02,620 ERROR config_client_log.py Ошибка
2021-08-18 10:52:02,621 DEBUG config_client_log.py Отладочная информация
2021-08-18 10:52:02,621 INFO config_client_log.py Информационное сообщение
2021-08-18 10:55:44,263 CRITICAL config_client_log.py Критическая ошибка
2021-08-18 10:55:44,267 ERROR config_client_log.py Ошибка
2021-08-18 10:55:44,268 DEBUG config_client_log.py Отладочная информация
2021-08-18 10:55:44,268 INFO config_client_log.py Информационное сообщение
2021-08-18 11:03:20,517 INFO client.py Запущен клиент с парамертами: адрес сервера: 127.0.0.1, порт: 7777
2021-08-18 11:03:20,517 DEBUG client.py Сформировано presence сообщение для пользователя Guest
2021-08-18 11:03:20,517 DEBUG client.py Разбор сообщения от сервера: {'response': 200}
2021-08-18 11:03:20,533 INFO client.py Принят ответ от сервера 200 : OK
2021-08-18 11:03:28,929 CRITICAL config_client_log.py Критическая ошибка
2021-08-18 11:03:28,929 ERROR config_client_log.py Ошибка
2021-08-18 11:03:28,929 DEBUG config_client_log.py Отладочная информация
2021-08-18 11:03:28,929 INFO config_client_log.py Информационное сообщение
